[debug] [2024-04-12T20:11:37.988Z] ----------------------------------------------------------------------
[debug] [2024-04-12T20:11:37.990Z] Command:       C:\Program Files\nodejs\node.exe C:\Program Files\nodejs\node_modules\firebase-tools\lib\bin\firebase.js deploy
[debug] [2024-04-12T20:11:37.991Z] CLI Version:   13.6.0
[debug] [2024-04-12T20:11:37.991Z] Platform:      win32
[debug] [2024-04-12T20:11:37.991Z] Node Version:  v20.11.1
[debug] [2024-04-12T20:11:37.991Z] Time:          Fri Apr 12 2024 13:11:37 GMT-0700 (Pacific Daylight Time)
[debug] [2024-04-12T20:11:37.991Z] ----------------------------------------------------------------------
[debug] 
[debug] [2024-04-12T20:11:38.047Z] > command requires scopes: ["email","openid","https://www.googleapis.com/auth/cloudplatformprojects.readonly","https://www.googleapis.com/auth/firebase","https://www.googleapis.com/auth/cloud-platform"]
[debug] [2024-04-12T20:11:38.048Z] > authorizing via signed-in user (dingzq0807@gmail.com)
[debug] [2024-04-12T20:11:38.048Z] [iam] checking project com1800-demo for permissions ["datastore.indexes.create","datastore.indexes.delete","datastore.indexes.list","datastore.indexes.update","firebase.projects.get","firebasehosting.sites.update"]
[debug] [2024-04-12T20:11:38.049Z] >>> [apiv2][query] POST https://cloudresourcemanager.googleapis.com/v1/projects/com1800-demo:testIamPermissions [none]
[debug] [2024-04-12T20:11:38.049Z] >>> [apiv2][(partial)header] POST https://cloudresourcemanager.googleapis.com/v1/projects/com1800-demo:testIamPermissions x-goog-quota-user=projects/com1800-demo
[debug] [2024-04-12T20:11:38.050Z] >>> [apiv2][body] POST https://cloudresourcemanager.googleapis.com/v1/projects/com1800-demo:testIamPermissions {"permissions":["datastore.indexes.create","datastore.indexes.delete","datastore.indexes.list","datastore.indexes.update","firebase.projects.get","firebasehosting.sites.update"]}
[debug] [2024-04-12T20:11:38.325Z] <<< [apiv2][status] POST https://cloudresourcemanager.googleapis.com/v1/projects/com1800-demo:testIamPermissions 200
[debug] [2024-04-12T20:11:38.326Z] <<< [apiv2][body] POST https://cloudresourcemanager.googleapis.com/v1/projects/com1800-demo:testIamPermissions {}
[debug] [2024-04-12T20:11:38.326Z] [iam] error while checking permissions, command may fail: FirebaseError: Authorization failed. This account is missing the following required permissions on project com1800-demo:

  datastore.indexes.create
  datastore.indexes.delete
  datastore.indexes.list
  datastore.indexes.update
  firebase.projects.get
  firebasehosting.sites.update
[debug] [2024-04-12T20:11:38.327Z] >>> [apiv2][query] GET https://firebase.googleapis.com/v1beta1/projects/com1800-demo [none]
[debug] [2024-04-12T20:11:38.514Z] <<< [apiv2][status] GET https://firebase.googleapis.com/v1beta1/projects/com1800-demo 403
[debug] [2024-04-12T20:11:38.515Z] <<< [apiv2][body] GET https://firebase.googleapis.com/v1beta1/projects/com1800-demo {"error":{"code":403,"message":"The caller does not have permission","status":"PERMISSION_DENIED"}}
[debug] [2024-04-12T20:11:38.516Z] HTTP Error: 403, The caller does not have permission
[error] 
[error] Error: Assertion failed: resolving hosting target of a site with no site name or target name. This should have caused an error earlier
